2017-07-09 02:44:17,387 CRIT Supervisor running as root (no user in config file)
2017-07-09 02:44:17,419 INFO supervisord started with pid 1
2017-07-09 02:44:18,443 INFO spawned: 'web' with pid 8
2017-07-09 02:44:18,452 INFO spawned: 'notebook' with pid 9
2017-07-09 02:44:19,460 INFO success: web entered RUNNING state, process has stayed up for > than 1 seconds (startsecs)
2017-07-09 02:44:19,464 INFO success: notebook entered RUNNING state, process has stayed up for > than 1 seconds (startsecs)
2017-07-09 02:44:20,688 INFO exited: notebook (exit status 1; not expected)
2017-07-09 02:44:21,440 INFO spawned: 'notebook' with pid 17
2017-07-09 02:44:22,453 INFO success: notebook entered RUNNING state, process has stayed up for > than 1 seconds (startsecs)
2017-07-09 02:44:22,580 INFO exited: notebook (exit status 1; not expected)
2017-07-09 02:44:23,589 INFO spawned: 'notebook' with pid 20
2017-07-09 02:44:24,406 INFO exited: notebook (exit status 1; not expected)
2017-07-09 02:44:25,420 INFO spawned: 'notebook' with pid 23
2017-07-09 02:44:26,289 INFO exited: notebook (exit status 1; not expected)
2017-07-09 02:44:28,306 INFO spawned: 'notebook' with pid 26
2017-07-09 02:44:29,217 INFO exited: notebook (exit status 1; not expected)
2017-07-09 02:44:32,230 INFO spawned: 'notebook' with pid 29
2017-07-09 02:44:33,165 INFO exited: notebook (exit status 1; not expected)
2017-07-09 02:44:34,178 INFO gave up: notebook entered FATAL state, too many start retries too quickly
2017-07-09 02:44:53,144 WARN received SIGTERM indicating exit request
2017-07-09 02:44:53,145 INFO waiting for web to die
2017-07-09 02:44:54,169 INFO stopped: web (terminated by SIGTERM)
2017-07-09 02:46:57,919 CRIT Supervisor running as root (no user in config file)
2017-07-09 02:46:58,010 INFO supervisord started with pid 1
2017-07-09 02:46:59,032 INFO spawned: 'web' with pid 7
2017-07-09 02:46:59,056 INFO spawned: 'notebook' with pid 8
2017-07-09 02:47:00,061 INFO success: web entered RUNNING state, process has stayed up for > than 1 seconds (startsecs)
2017-07-09 02:47:00,062 INFO success: notebook entered RUNNING state, process has stayed up for > than 1 seconds (startsecs)
2017-07-09 02:49:26,335 WARN received SIGTERM indicating exit request
2017-07-09 02:49:26,345 INFO waiting for web, notebook to die
2017-07-09 02:49:27,665 INFO stopped: notebook (exit status 0)
2017-07-09 02:49:27,728 INFO stopped: web (terminated by SIGTERM)
2017-07-09 02:49:32,294 CRIT Supervisor running as root (no user in config file)
2017-07-09 02:49:32,328 INFO supervisord started with pid 1
2017-07-09 02:49:33,335 INFO spawned: 'web' with pid 8
2017-07-09 02:49:33,339 INFO spawned: 'notebook' with pid 9
2017-07-09 02:49:34,344 INFO success: web entered RUNNING state, process has stayed up for > than 1 seconds (startsecs)
2017-07-09 02:49:34,346 INFO success: notebook entered RUNNING state, process has stayed up for > than 1 seconds (startsecs)
2017-07-09 02:53:13,585 WARN received SIGTERM indicating exit request
2017-07-09 02:53:13,587 INFO waiting for web, notebook to die
2017-07-09 02:53:15,259 INFO stopped: notebook (exit status 0)
2017-07-09 02:53:15,422 INFO stopped: web (terminated by SIGTERM)
2017-07-09 02:53:20,500 CRIT Supervisor running as root (no user in config file)
2017-07-09 02:53:20,514 INFO supervisord started with pid 1
2017-07-09 02:53:21,551 INFO spawned: 'web' with pid 7
2017-07-09 02:53:21,566 INFO spawned: 'notebook' with pid 8
2017-07-09 02:53:22,575 INFO success: web entered RUNNING state, process has stayed up for > than 1 seconds (startsecs)
2017-07-09 02:53:22,576 INFO success: notebook entered RUNNING state, process has stayed up for > than 1 seconds (startsecs)
2017-07-09 02:58:49,863 WARN received SIGTERM indicating exit request
2017-07-09 02:58:49,871 INFO waiting for web, notebook to die
2017-07-09 02:58:50,213 INFO stopped: notebook (exit status 0)
2017-07-09 02:58:50,279 INFO stopped: web (terminated by SIGTERM)
2017-07-09 03:02:14,909 CRIT Supervisor running as root (no user in config file)
2017-07-09 03:02:14,924 INFO supervisord started with pid 1
2017-07-09 03:02:15,938 INFO spawned: 'web' with pid 7
2017-07-09 03:02:15,945 INFO spawned: 'notebook' with pid 8
2017-07-09 03:02:16,949 INFO success: web entered RUNNING state, process has stayed up for > than 1 seconds (startsecs)
2017-07-09 03:02:16,951 INFO success: notebook entered RUNNING state, process has stayed up for > than 1 seconds (startsecs)
2017-07-09 22:47:07,964 CRIT Supervisor running as root (no user in config file)
2017-07-09 22:47:07,976 INFO supervisord started with pid 1
2017-07-09 22:47:08,984 INFO spawned: 'web' with pid 8
2017-07-09 22:47:08,992 INFO spawned: 'notebook' with pid 9
2017-07-09 22:47:09,996 INFO success: web entered RUNNING state, process has stayed up for > than 1 seconds (startsecs)
2017-07-09 22:47:09,998 INFO success: notebook entered RUNNING state, process has stayed up for > than 1 seconds (startsecs)
2017-07-11 00:29:04,334 WARN received SIGTERM indicating exit request
2017-07-11 00:29:04,344 INFO waiting for web, notebook to die
2017-07-11 00:29:04,971 INFO stopped: notebook (exit status 0)
2017-07-11 00:29:05,048 INFO stopped: web (terminated by SIGTERM)
2017-07-11 00:29:14,240 CRIT Supervisor running as root (no user in config file)
2017-07-11 00:29:14,263 INFO supervisord started with pid 1
2017-07-11 00:29:15,267 INFO spawned: 'web' with pid 7
2017-07-11 00:29:15,274 INFO spawned: 'notebook' with pid 8
2017-07-11 00:29:16,277 INFO success: web entered RUNNING state, process has stayed up for > than 1 seconds (startsecs)
2017-07-11 00:29:16,277 INFO success: notebook entered RUNNING state, process has stayed up for > than 1 seconds (startsecs)
2017-07-13 19:25:26,509 WARN received SIGTERM indicating exit request
2017-07-13 19:25:26,540 INFO waiting for web, notebook to die
2017-07-13 19:25:27,657 INFO stopped: notebook (exit status 0)
2017-07-13 19:25:27,799 INFO stopped: web (terminated by SIGTERM)
2017-07-13 19:25:39,450 CRIT Supervisor running as root (no user in config file)
2017-07-13 19:25:39,465 INFO supervisord started with pid 1
2017-07-13 19:25:40,470 INFO spawned: 'web' with pid 7
2017-07-13 19:25:40,480 INFO spawned: 'notebook' with pid 8
2017-07-13 19:25:41,492 INFO success: web entered RUNNING state, process has stayed up for > than 1 seconds (startsecs)
2017-07-13 19:25:41,492 INFO success: notebook entered RUNNING state, process has stayed up for > than 1 seconds (startsecs)
2017-07-13 20:27:44,143 WARN received SIGTERM indicating exit request
2017-07-13 20:27:44,171 INFO waiting for web, notebook to die
2017-07-13 20:27:45,048 INFO stopped: notebook (exit status 0)
2017-07-13 20:27:45,212 INFO stopped: web (terminated by SIGTERM)
2017-07-13 20:27:57,032 CRIT Supervisor running as root (no user in config file)
2017-07-13 20:27:57,047 INFO supervisord started with pid 1
2017-07-13 20:27:58,052 INFO spawned: 'web' with pid 7
2017-07-13 20:27:58,055 INFO spawned: 'notebook' with pid 8
2017-07-13 20:27:59,060 INFO success: web entered RUNNING state, process has stayed up for > than 1 seconds (startsecs)
2017-07-13 20:27:59,061 INFO success: notebook entered RUNNING state, process has stayed up for > than 1 seconds (startsecs)
2017-07-16 02:05:39,990 WARN received SIGTERM indicating exit request
2017-07-16 02:05:40,041 INFO waiting for web, notebook to die
2017-07-16 02:05:41,099 INFO stopped: notebook (exit status 0)
2017-07-16 02:05:41,240 INFO stopped: web (terminated by SIGTERM)
2017-07-16 21:26:53,589 CRIT Supervisor running as root (no user in config file)
2017-07-16 21:26:53,601 INFO supervisord started with pid 1
2017-07-16 21:26:54,610 INFO spawned: 'web' with pid 7
2017-07-16 21:26:54,614 INFO spawned: 'notebook' with pid 8
2017-07-16 21:26:55,617 INFO success: web entered RUNNING state, process has stayed up for > than 1 seconds (startsecs)
2017-07-16 21:26:55,618 INFO success: notebook entered RUNNING state, process has stayed up for > than 1 seconds (startsecs)
2017-07-17 13:26:21,583 WARN received SIGTERM indicating exit request
2017-07-17 13:26:21,637 INFO waiting for web, notebook to die
2017-07-17 13:26:22,336 INFO stopped: notebook (exit status 0)
2017-07-17 13:26:22,450 INFO stopped: web (terminated by SIGTERM)
2017-07-18 01:37:33,232 CRIT Supervisor running as root (no user in config file)
2017-07-18 01:37:33,246 INFO supervisord started with pid 1
2017-07-18 01:37:34,254 INFO spawned: 'web' with pid 7
2017-07-18 01:37:34,261 INFO spawned: 'notebook' with pid 8
2017-07-18 01:37:35,264 INFO success: web entered RUNNING state, process has stayed up for > than 1 seconds (startsecs)
2017-07-18 01:37:35,265 INFO success: notebook entered RUNNING state, process has stayed up for > than 1 seconds (startsecs)
2017-07-19 00:36:44,450 WARN received SIGTERM indicating exit request
2017-07-19 00:36:44,488 INFO waiting for web, notebook to die
2017-07-19 00:36:45,826 INFO stopped: notebook (exit status 0)
2017-07-19 00:36:45,963 INFO stopped: web (terminated by SIGTERM)
2017-07-19 00:36:55,870 CRIT Supervisor running as root (no user in config file)
2017-07-19 00:36:55,883 INFO supervisord started with pid 1
2017-07-19 00:36:56,887 INFO spawned: 'web' with pid 7
2017-07-19 00:36:56,894 INFO spawned: 'notebook' with pid 8
2017-07-19 00:36:57,897 INFO success: web entered RUNNING state, process has stayed up for > than 1 seconds (startsecs)
2017-07-19 00:36:57,899 INFO success: notebook entered RUNNING state, process has stayed up for > than 1 seconds (startsecs)
2017-07-19 04:36:45,287 WARN received SIGTERM indicating exit request
2017-07-19 04:36:45,346 INFO waiting for web, notebook to die
2017-07-19 04:36:47,273 INFO stopped: notebook (exit status 0)
2017-07-19 04:36:47,350 INFO stopped: web (terminated by SIGTERM)
2017-07-19 22:16:06,257 CRIT Supervisor running as root (no user in config file)
2017-07-19 22:16:06,269 INFO supervisord started with pid 1
2017-07-19 22:16:07,275 INFO spawned: 'web' with pid 7
2017-07-19 22:16:07,281 INFO spawned: 'notebook' with pid 8
2017-07-19 22:16:08,285 INFO success: web entered RUNNING state, process has stayed up for > than 1 seconds (startsecs)
2017-07-19 22:16:08,286 INFO success: notebook entered RUNNING state, process has stayed up for > than 1 seconds (startsecs)
2017-07-20 01:47:48,467 WARN received SIGTERM indicating exit request
2017-07-20 01:47:48,501 INFO waiting for web, notebook to die
2017-07-20 01:47:49,428 INFO stopped: notebook (exit status 0)
2017-07-20 01:47:49,562 INFO stopped: web (terminated by SIGTERM)
2017-07-21 00:07:37,090 CRIT Supervisor running as root (no user in config file)
2017-07-21 00:07:37,110 INFO supervisord started with pid 1
2017-07-21 00:07:38,116 INFO spawned: 'web' with pid 8
2017-07-21 00:07:38,121 INFO spawned: 'notebook' with pid 9
2017-07-21 00:07:39,125 INFO success: web entered RUNNING state, process has stayed up for > than 1 seconds (startsecs)
2017-07-21 00:07:39,126 INFO success: notebook entered RUNNING state, process has stayed up for > than 1 seconds (startsecs)
2017-07-21 03:29:18,443 WARN received SIGTERM indicating exit request
2017-07-21 03:29:18,519 INFO waiting for web, notebook to die
2017-07-21 03:29:20,615 INFO stopped: notebook (exit status 0)
2017-07-21 03:29:20,889 INFO stopped: web (terminated by SIGTERM)
2017-07-21 23:34:53,546 CRIT Supervisor running as root (no user in config file)
2017-07-21 23:34:53,561 INFO supervisord started with pid 1
2017-07-21 23:34:54,566 INFO spawned: 'web' with pid 7
2017-07-21 23:34:54,573 INFO spawned: 'notebook' with pid 8
2017-07-21 23:34:55,577 INFO success: web entered RUNNING state, process has stayed up for > than 1 seconds (startsecs)
2017-07-21 23:34:55,578 INFO success: notebook entered RUNNING state, process has stayed up for > than 1 seconds (startsecs)
